<?xml version="1.0" encoding="UTF-8"?>
<testng-results skipped="0" failed="0" ignored="0" total="1" passed="1">
  <reporter-output>
  </reporter-output>
  <suite name="Default suite" duration-ms="27567" started-at="2017-05-15T01:04:20Z" finished-at="2017-05-15T01:04:48Z">
    <groups>
    </groups>
    <test name="Default test" duration-ms="27567" started-at="2017-05-15T01:04:20Z" finished-at="2017-05-15T01:04:48Z">
      <class name="com.binupjewelry.tests.SearchAndBuyRingTest">
        <test-method status="PASS" signature="setupTestSuite()[pri:0, instance:com.binupjewelry.tests.SearchAndBuyRingTest@42d80b78]" name="setupTestSuite" is-config="true" duration-ms="14602" started-at="2017-05-14T18:04:06Z" finished-at="2017-05-14T18:04:20Z">
          <reporter-output>
          </reporter-output>
        </test-method> <!-- setupTestSuite -->
        <test-method status="PASS" signature="searchAndBuyRing()[pri:0, instance:com.binupjewelry.tests.SearchAndBuyRingTest@42d80b78]" name="searchAndBuyRing" duration-ms="27545" started-at="2017-05-14T18:04:20Z" finished-at="2017-05-14T18:04:48Z">
          <reporter-output>
          </reporter-output>
        </test-method> <!-- searchAndBuyRing -->
        <test-method status="PASS" signature="TearDownTestSuite()[pri:0, instance:com.binupjewelry.tests.SearchAndBuyRingTest@42d80b78]" name="TearDownTestSuite" is-config="true" duration-ms="0" started-at="2017-05-14T18:04:48Z" finished-at="2017-05-14T18:04:48Z">
          <reporter-output>
          </reporter-output>
        </test-method> <!-- TearDownTestSuite -->
      </class> <!-- com.binupjewelry.tests.SearchAndBuyRingTest -->
    </test> <!-- Default test -->
  </suite> <!-- Default suite -->
</testng-results>
